[2023-07-10T14:39:31.122+0000] {taskinstance.py:1103} INFO - Dependencies all met for dep_context=non-requeueable deps ti=<TaskInstance: thyroid_preprocessing_DAG.split_dataframe manual__2023-07-10T14:38:36.397159+00:00 [queued]>
[2023-07-10T14:39:31.145+0000] {taskinstance.py:1103} INFO - Dependencies all met for dep_context=requeueable deps ti=<TaskInstance: thyroid_preprocessing_DAG.split_dataframe manual__2023-07-10T14:38:36.397159+00:00 [queued]>
[2023-07-10T14:39:31.146+0000] {taskinstance.py:1308} INFO - Starting attempt 1 of 1
[2023-07-10T14:39:31.182+0000] {taskinstance.py:1327} INFO - Executing <Task(PythonOperator): split_dataframe> on 2023-07-10 14:38:36.397159+00:00
[2023-07-10T14:39:31.197+0000] {standard_task_runner.py:57} INFO - Started process 716 to run task
[2023-07-10T14:39:31.207+0000] {standard_task_runner.py:84} INFO - Running: ['***', 'tasks', 'run', 'thyroid_preprocessing_DAG', 'split_dataframe', 'manual__2023-07-10T14:38:36.397159+00:00', '--job-id', '282', '--raw', '--subdir', 'DAGS_FOLDER/preprocess_dagfile.py', '--cfg-path', '/tmp/tmp7oyavv6s']
[2023-07-10T14:39:31.209+0000] {standard_task_runner.py:85} INFO - Job 282: Subtask split_dataframe
[2023-07-10T14:39:31.314+0000] {task_command.py:410} INFO - Running <TaskInstance: thyroid_preprocessing_DAG.split_dataframe manual__2023-07-10T14:38:36.397159+00:00 [running]> on host 93aa310e5d41
[2023-07-10T14:39:31.531+0000] {taskinstance.py:1547} INFO - Exporting env vars: AIRFLOW_CTX_DAG_EMAIL='damirbogdan39@gmail.com' AIRFLOW_CTX_DAG_OWNER='aiflow' AIRFLOW_CTX_DAG_ID='thyroid_preprocessing_DAG' AIRFLOW_CTX_TASK_ID='split_dataframe' AIRFLOW_CTX_EXECUTION_DATE='2023-07-10T14:38:36.397159+00:00' AIRFLOW_CTX_TRY_NUMBER='1' AIRFLOW_CTX_DAG_RUN_ID='manual__2023-07-10T14:38:36.397159+00:00'
[2023-07-10T14:39:31.722+0000] {python.py:183} INFO - Done. Returned value was: (       age sex  on_thyroxine  ...  FTI_measured    FTI  referral_source
1616  34.0   F             0  ...             1   73.0            other
2110  35.0   M             0  ...             1  115.0             SVHC
3683  21.0   F             0  ...             0    NaN            other
1163  14.0   M             0  ...             1   98.0            other
942   58.0   F             0  ...             1  107.0              SVI
...    ...  ..           ...  ...           ...    ...              ...
1130  60.0   F             0  ...             1  126.0            other
1294  25.0   F             0  ...             1  101.0              SVI
860   65.0   F             1  ...             1  171.0            other
3507  73.0   F             1  ...             1  143.0            other
3174  75.0   M             0  ...             1  171.0             SVHD

[2640 rows x 27 columns],        age sex  on_thyroxine  ...  FTI_measured    FTI  referral_source
270   26.0   F             0  ...             1   95.0            other
2071  26.0   F             0  ...             1   95.0            other
3660  52.0   M             1  ...             1  123.0            other
3207  25.0   F             0  ...             1   81.0            other
1675  29.0   F             0  ...             1  135.0            other
...    ...  ..           ...  ...           ...    ...              ...
3054  58.0   F             1  ...             1   72.0            other
2649  15.0   M             0  ...             0    NaN            other
2633  34.0   M             0  ...             1  102.0             SVHC
3713  68.0   M             0  ...             1  102.0              SVI
3061  62.0   F             0  ...             1  110.0              SVI

[1132 rows x 27 columns], 1616    negative
2110    negative
3683    negative
1163    negative
942     negative
          ...   
1130    negative
1294    negative
860     negative
3507    negative
3174    negative
Name: Class, Length: 2640, dtype: object, 270                    negative
2071    compensated_hypothyroid
3660                   negative
3207                   negative
1675                   negative
                 ...           
3054                   negative
2649                   negative
2633                   negative
3713                   negative
3061                   negative
Name: Class, Length: 1132, dtype: object)
[2023-07-10T14:39:31.941+0000] {xcom.py:640} ERROR - Object of type tuple is not JSON serializable. If you are using pickle instead of JSON for XCom, then you need to enable pickle support for XCom in your *** config or make sure to decorate your object with attr.
[2023-07-10T14:39:31.944+0000] {taskinstance.py:1824} ERROR - Task failed with exception
Traceback (most recent call last):
  File "/home/airflow/.local/lib/python3.7/site-packages/airflow/utils/json.py", line 91, in default
    return serialize(o)
  File "/home/airflow/.local/lib/python3.7/site-packages/airflow/serialization/serde.py", line 144, in serialize
    return encode(classname, version, serialize(data, depth + 1))
  File "/home/airflow/.local/lib/python3.7/site-packages/airflow/serialization/serde.py", line 123, in serialize
    return [serialize(d, depth + 1) for d in o]
  File "/home/airflow/.local/lib/python3.7/site-packages/airflow/serialization/serde.py", line 123, in <listcomp>
    return [serialize(d, depth + 1) for d in o]
  File "/home/airflow/.local/lib/python3.7/site-packages/airflow/serialization/serde.py", line 171, in serialize
    raise TypeError(f"cannot serialize object of type {cls}")
TypeError: cannot serialize object of type <class 'pandas.core.series.Series'>

During handling of the above exception, another exception occurred:

Traceback (most recent call last):
  File "/home/airflow/.local/lib/python3.7/site-packages/airflow/utils/session.py", line 73, in wrapper
    return func(*args, **kwargs)
  File "/home/airflow/.local/lib/python3.7/site-packages/airflow/models/taskinstance.py", line 2361, in xcom_push
    session=session,
  File "/home/airflow/.local/lib/python3.7/site-packages/airflow/utils/session.py", line 73, in wrapper
    return func(*args, **kwargs)
  File "/home/airflow/.local/lib/python3.7/site-packages/airflow/models/xcom.py", line 243, in set
    map_index=map_index,
  File "/home/airflow/.local/lib/python3.7/site-packages/airflow/models/xcom.py", line 632, in serialize_value
    return json.dumps(value, cls=XComEncoder).encode("UTF-8")
  File "/usr/local/lib/python3.7/json/__init__.py", line 238, in dumps
    **kw).encode(obj)
  File "/home/airflow/.local/lib/python3.7/site-packages/airflow/utils/json.py", line 102, in encode
    o = self.default(o)
  File "/home/airflow/.local/lib/python3.7/site-packages/airflow/utils/json.py", line 93, in default
    return super().default(o)
  File "/usr/local/lib/python3.7/json/encoder.py", line 179, in default
    raise TypeError(f'Object of type {o.__class__.__name__} '
TypeError: Object of type tuple is not JSON serializable
[2023-07-10T14:39:31.972+0000] {taskinstance.py:1350} INFO - Marking task as FAILED. dag_id=thyroid_preprocessing_DAG, task_id=split_dataframe, execution_date=20230710T143836, start_date=20230710T143931, end_date=20230710T143931
[2023-07-10T14:39:32.002+0000] {standard_task_runner.py:109} ERROR - Failed to execute job 282 for task split_dataframe (Object of type tuple is not JSON serializable; 716)
[2023-07-10T14:39:32.065+0000] {local_task_job_runner.py:225} INFO - Task exited with return code 1
[2023-07-10T14:39:32.134+0000] {taskinstance.py:2653} INFO - 0 downstream tasks scheduled from follow-on schedule check
